This is pdfTeX, Version 3.14159265-2.6-1.40.16 (TeX Live 2015/Debian) (preloaded format=pdflatex 2017.4.10)  12 APR 2017 15:17
entering extended mode
 restricted \write18 enabled.
 %&-line parsing enabled.
**project2.tex
(./project2.tex
LaTeX2e <2016/02/01>
Babel <3.9q> and hyphenation patterns for 3 language(s) loaded.
(/usr/share/texlive/texmf-dist/tex/latex/base/report.cls
Document Class: report 2014/09/29 v1.4h Standard LaTeX document class
(/usr/share/texlive/texmf-dist/tex/latex/base/size10.clo
File: size10.clo 2014/09/29 v1.4h Standard LaTeX file (size option)
)
\c@part=\count79
\c@chapter=\count80
\c@section=\count81
\c@subsection=\count82
\c@subsubsection=\count83
\c@paragraph=\count84
\c@subparagraph=\count85
\c@figure=\count86
\c@table=\count87
\abovecaptionskip=\skip41
\belowcaptionskip=\skip42
\bibindent=\dimen102
)
(/usr/share/texlive/texmf-dist/tex/latex/graphics/graphicx.sty
Package: graphicx 2014/10/28 v1.0g Enhanced LaTeX Graphics (DPC,SPQR)

(/usr/share/texlive/texmf-dist/tex/latex/graphics/keyval.sty
Package: keyval 2014/10/28 v1.15 key=value parser (DPC)
\KV@toks@=\toks14
)
(/usr/share/texlive/texmf-dist/tex/latex/graphics/graphics.sty
Package: graphics 2016/01/03 v1.0q Standard LaTeX Graphics (DPC,SPQR)

(/usr/share/texlive/texmf-dist/tex/latex/graphics/trig.sty
Package: trig 2016/01/03 v1.10 sin cos tan (DPC)
)
(/usr/share/texlive/texmf-dist/tex/latex/latexconfig/graphics.cfg
File: graphics.cfg 2010/04/23 v1.9 graphics configuration of TeX Live
)
Package graphics Info: Driver file: pdftex.def on input line 95.

(/usr/share/texlive/texmf-dist/tex/latex/pdftex-def/pdftex.def
File: pdftex.def 2011/05/27 v0.06d Graphics/color for pdfTeX

(/usr/share/texlive/texmf-dist/tex/generic/oberdiek/infwarerr.sty
Package: infwarerr 2010/04/08 v1.3 Providing info/warning/error messages (HO)
)
(/usr/share/texlive/texmf-dist/tex/generic/oberdiek/ltxcmds.sty
Package: ltxcmds 2011/11/09 v1.22 LaTeX kernel commands for general use (HO)
)
\Gread@gobject=\count88
))
\Gin@req@height=\dimen103
\Gin@req@width=\dimen104
)
(/usr/share/texlive/texmf-dist/tex/latex/amsmath/amsmath.sty
Package: amsmath 2016/03/03 v2.15a AMS math features
\@mathmargin=\skip43

For additional information on amsmath, use the `?' option.
(/usr/share/texlive/texmf-dist/tex/latex/amsmath/amstext.sty
Package: amstext 2000/06/29 v2.01 AMS text

(/usr/share/texlive/texmf-dist/tex/latex/amsmath/amsgen.sty
File: amsgen.sty 1999/11/30 v2.0 generic functions
\@emptytoks=\toks15
\ex@=\dimen105
))
(/usr/share/texlive/texmf-dist/tex/latex/amsmath/amsbsy.sty
Package: amsbsy 1999/11/29 v1.2d Bold Symbols
\pmbraise@=\dimen106
)
(/usr/share/texlive/texmf-dist/tex/latex/amsmath/amsopn.sty
Package: amsopn 1999/12/14 v2.01 operator names
)
\inf@bad=\count89
LaTeX Info: Redefining \frac on input line 199.
\uproot@=\count90
\leftroot@=\count91
LaTeX Info: Redefining \overline on input line 297.
\classnum@=\count92
\DOTSCASE@=\count93
LaTeX Info: Redefining \ldots on input line 394.
LaTeX Info: Redefining \dots on input line 397.
LaTeX Info: Redefining \cdots on input line 518.
\Mathstrutbox@=\box26
\strutbox@=\box27
\big@size=\dimen107
LaTeX Font Info:    Redeclaring font encoding OML on input line 630.
LaTeX Font Info:    Redeclaring font encoding OMS on input line 631.
\macc@depth=\count94
\c@MaxMatrixCols=\count95
\dotsspace@=\muskip10
\c@parentequation=\count96
\dspbrk@lvl=\count97
\tag@help=\toks16
\row@=\count98
\column@=\count99
\maxfields@=\count100
\andhelp@=\toks17
\eqnshift@=\dimen108
\alignsep@=\dimen109
\tagshift@=\dimen110
\tagwidth@=\dimen111
\totwidth@=\dimen112
\lineht@=\dimen113
\@envbody=\toks18
\multlinegap=\skip44
\multlinetaggap=\skip45
\mathdisplay@stack=\toks19
LaTeX Info: Redefining \[ on input line 2735.
LaTeX Info: Redefining \] on input line 2736.
) (./project2.aux)
\openout1 = `project2.aux'.

LaTeX Font Info:    Checking defaults for OML/cmm/m/it on input line 6.
LaTeX Font Info:    ... okay on input line 6.
LaTeX Font Info:    Checking defaults for T1/cmr/m/n on input line 6.
LaTeX Font Info:    ... okay on input line 6.
LaTeX Font Info:    Checking defaults for OT1/cmr/m/n on input line 6.
LaTeX Font Info:    ... okay on input line 6.
LaTeX Font Info:    Checking defaults for OMS/cmsy/m/n on input line 6.
LaTeX Font Info:    ... okay on input line 6.
LaTeX Font Info:    Checking defaults for OMX/cmex/m/n on input line 6.
LaTeX Font Info:    ... okay on input line 6.
LaTeX Font Info:    Checking defaults for U/cmr/m/n on input line 6.
LaTeX Font Info:    ... okay on input line 6.

(/usr/share/texlive/texmf-dist/tex/context/base/supp-pdf.mkii
[Loading MPS to PDF converter (version 2006.09.02).]
\scratchcounter=\count101
\scratchdimen=\dimen114
\scratchbox=\box28
\nofMPsegments=\count102
\nofMParguments=\count103
\everyMPshowfont=\toks20
\MPscratchCnt=\count104
\MPscratchDim=\dimen115
\MPnumerator=\count105
\makeMPintoPDFobject=\count106
\everyMPtoPDFconversion=\toks21
) (/usr/share/texlive/texmf-dist/tex/generic/oberdiek/pdftexcmds.sty
Package: pdftexcmds 2011/11/29 v0.20 Utility functions of pdfTeX for LuaTeX (HO
)

(/usr/share/texlive/texmf-dist/tex/generic/oberdiek/ifluatex.sty
Package: ifluatex 2010/03/01 v1.3 Provides the ifluatex switch (HO)
Package ifluatex Info: LuaTeX not detected.
)
(/usr/share/texlive/texmf-dist/tex/generic/oberdiek/ifpdf.sty
Package: ifpdf 2011/01/30 v2.3 Provides the ifpdf switch (HO)
Package ifpdf Info: pdfTeX in PDF mode is detected.
)
Package pdftexcmds Info: LuaTeX not detected.
Package pdftexcmds Info: \pdf@primitive is available.
Package pdftexcmds Info: \pdf@ifprimitive is available.
Package pdftexcmds Info: \pdfdraftmode found.
)
(/usr/share/texlive/texmf-dist/tex/latex/oberdiek/epstopdf-base.sty
Package: epstopdf-base 2010/02/09 v2.5 Base part for package epstopdf

(/usr/share/texlive/texmf-dist/tex/latex/oberdiek/grfext.sty
Package: grfext 2010/08/19 v1.1 Manage graphics extensions (HO)

(/usr/share/texlive/texmf-dist/tex/generic/oberdiek/kvdefinekeys.sty
Package: kvdefinekeys 2011/04/07 v1.3 Define keys (HO)
))
(/usr/share/texlive/texmf-dist/tex/latex/oberdiek/kvoptions.sty
Package: kvoptions 2011/06/30 v3.11 Key value format for package options (HO)

(/usr/share/texlive/texmf-dist/tex/generic/oberdiek/kvsetkeys.sty
Package: kvsetkeys 2012/04/25 v1.16 Key value parser (HO)

(/usr/share/texlive/texmf-dist/tex/generic/oberdiek/etexcmds.sty
Package: etexcmds 2011/02/16 v1.5 Avoid name clashes with e-TeX commands (HO)
Package etexcmds Info: Could not find \expanded.
(etexcmds)             That can mean that you are not using pdfTeX 1.50 or
(etexcmds)             that some package has redefined \expanded.
(etexcmds)             In the latter case, load this package earlier.
)))
Package grfext Info: Graphics extension search list:
(grfext)             [.png,.pdf,.jpg,.mps,.jpeg,.jbig2,.jb2,.PNG,.PDF,.JPG,.JPE
G,.JBIG2,.JB2,.eps]
(grfext)             \AppendGraphicsExtensions on input line 452.

(/usr/share/texlive/texmf-dist/tex/latex/latexconfig/epstopdf-sys.cfg
File: epstopdf-sys.cfg 2010/07/13 v1.3 Configuration of (r)epstopdf for TeX Liv
e
))

LaTeX Font Warning: Font shape `OT1/cmr/bx/sc' undefined
(Font)              using `OT1/cmr/bx/n' instead on input line 23.

<pictures/collegeLogo.png, id=1, 223.83624pt x 226.8475pt>
File: pictures/collegeLogo.png Graphic file (type png)

<use pictures/collegeLogo.png>
Package pdftex.def Info: pictures/collegeLogo.png used on input line 59.
(pdftex.def)             Requested size: 223.8357pt x 226.84694pt.
 [1

{/var/lib/texmf/fonts/map/pdftex/updmap/pdftex.map} <./pictures/collegeLogo.png
>] [1] [2]
Underfull \hbox (badness 10000) in paragraph at lines 93--94

 []


Underfull \hbox (badness 10000) in paragraph at lines 94--95

 []


Underfull \hbox (badness 10000) in paragraph at lines 95--98

 []


Underfull \hbox (badness 10000) in paragraph at lines 98--101

 []


Overfull \hbox (11.31706pt too wide) in paragraph at lines 103--119
[]$[]$   $[]$ 
 []


Underfull \hbox (badness 10000) in paragraph at lines 103--119

 []

[3]
Underfull \hbox (badness 10000) in paragraph at lines 127--128

 []


Overfull \hbox (11.31706pt too wide) in paragraph at lines 129--144
[]$[]$   $[]$ 
 []


Underfull \hbox (badness 10000) in paragraph at lines 129--144

 []

[4]
Underfull \hbox (badness 10000) in paragraph at lines 147--148

 []


Underfull \hbox (badness 10000) in paragraph at lines 148--149

 []


Overfull \hbox (11.31706pt too wide) in paragraph at lines 150--162
[]$[]$   $[]$ 
 []


Underfull \hbox (badness 10000) in paragraph at lines 150--162

 []

[5]
Underfull \hbox (badness 10000) in paragraph at lines 167--170

 []


Underfull \hbox (badness 10000) in paragraph at lines 167--170

 []

[1] (./project2.toc)
\tf@toc=\write3
\openout3 = `project2.toc'.

 [1

] (./project2.lof)
\tf@lof=\write4
\openout4 = `project2.lof'.

 [2

]
Chapter 1.

Underfull \hbox (badness 10000) in paragraph at lines 183--184

 []


Underfull \hbox (badness 10000) in paragraph at lines 186--187

 []


Underfull \hbox (badness 10000) in paragraph at lines 188--189

 []


Underfull \hbox (badness 10000) in paragraph at lines 194--195

 []

Missing character: There is no â in font cmr10!
Missing character: There is no € in font cmr10!
Missing character: There is no ™ in font cmr10!

Underfull \hbox (badness 10000) in paragraph at lines 196--197

 []

[3

]
LaTeX Font Info:    Try loading font information for OMS+cmr on input line 202.

 (/usr/share/texlive/texmf-dist/tex/latex/base/omscmr.fd
File: omscmr.fd 2014/09/29 v2.5h Standard LaTeX font definitions
)
LaTeX Font Info:    Font shape `OMS/cmr/m/n' in size <10> not available
(Font)              Font shape `OMS/cmsy/m/n' tried instead on input line 202.
 [4]
Chapter 2.
Missing character: There is no â in font cmr10!
Missing character: There is no € in font cmr10!
Missing character: There is no ™ in font cmr10!

Underfull \hbox (badness 10000) in paragraph at lines 211--212

 []


Underfull \hbox (badness 10000) in paragraph at lines 216--217

 []

<pictures/recordedCrop.png, id=49, 462.72874pt x 151.56625pt>
File: pictures/recordedCrop.png Graphic file (type png)

<use pictures/recordedCrop.png>
Package pdftex.def Info: pictures/recordedCrop.png used on input line 219.
(pdftex.def)             Requested size: 231.3638pt x 75.78293pt.

Underfull \hbox (badness 10000) in paragraph at lines 223--225

 []


Underfull \hbox (badness 10000) in paragraph at lines 226--227

 []

[5

 <./pictures/recordedCrop.png>]
Missing character: There is no â in font cmr10!
Missing character: There is no € in font cmr10!
Missing character: There is no ™ in font cmr10!

Underfull \hbox (badness 10000) in paragraph at lines 228--229

 []

<pictures/XYZcrop.png, id=53, 1110.1475pt x 676.5275pt>
File: pictures/XYZcrop.png Graphic file (type png)

<use pictures/XYZcrop.png>
Package pdftex.def Info: pictures/XYZcrop.png used on input line 231.
(pdftex.def)             Requested size: 333.04681pt x 202.95981pt.

Underfull \hbox (badness 10000) in paragraph at lines 231--232

 []

[6 <./pictures/XYZcrop.png>]
Chapter 3.
<pictures/LOWPASSfiltereddata.png, id=58, 1233.6489pt x 641.0349pt>
File: pictures/LOWPASSfiltereddata.png Graphic file (type png)

<use pictures/LOWPASSfiltereddata.png>
Package pdftex.def Info: pictures/LOWPASSfiltereddata.png used on input line 25
0.
(pdftex.def)             Requested size: 370.09753pt x 192.31195pt.

Overfull \hbox (25.09753pt too wide) in paragraph at lines 250--251
[][] 
 []


Underfull \hbox (badness 10000) in paragraph at lines 256--257

 []


Underfull \hbox (badness 10000) in paragraph at lines 258--259

 []


Underfull \hbox (badness 10000) in paragraph at lines 261--262

 []

<pictures/maax3.png, id=59, 1233.6489pt x 641.0349pt>
File: pictures/maax3.png Graphic file (type png)
 <use pictures/maax3.png>
Package pdftex.def Info: pictures/maax3.png used on input line 271.
(pdftex.def)             Requested size: 370.09753pt x 192.31195pt.

Overfull \hbox (25.09753pt too wide) in paragraph at lines 271--272
[][] 
 []


Underfull \hbox (badness 10000) in paragraph at lines 277--279

 []

[7

] [8 <./pictures/LOWPASSfiltereddata.png> <./pictures/maax3.png>]
<pictures/normalized.png, id=75, 578.16pt x 433.62pt>
File: pictures/normalized.png Graphic file (type png)

<use pictures/normalized.png>
Package pdftex.def Info: pictures/normalized.png used on input line 282.
(pdftex.def)             Requested size: 346.89867pt x 260.17401pt.

Overfull \hbox (1.89867pt too wide) in paragraph at lines 282--283
[][] 
 []

[9 <./pictures/normalized.png>]
Chapter 4.
Missing character: There is no â in font cmr10!
Missing character: There is no € in font cmr10!
Missing character: There is no ¦ in font cmr10!
Missing character: There is no â in font cmr10!
Missing character: There is no € in font cmr10!
Missing character: There is no ¦ in font cmr10!
<pictures/gaitcycle.png, id=80, 475.7775pt x 134.5025pt>
File: pictures/gaitcycle.png Graphic file (type png)

<use pictures/gaitcycle.png>
Package pdftex.def Info: pictures/gaitcycle.png used on input line 295.
(pdftex.def)             Requested size: 347.31467pt x 98.18599pt.

Overfull \hbox (2.31467pt too wide) in paragraph at lines 295--296
[][] 
 []

[10

 <./pictures/gaitcycle.png>]
<pictures/agc_left_crop.png, id=84, 849.1725pt x 237.88875pt>
File: pictures/agc_left_crop.png Graphic file (type png)

<use pictures/agc_left_crop.png>
Package pdftex.def Info: pictures/agc_left_crop.png used on input line 316.
(pdftex.def)             Requested size: 339.66298pt x 95.15381pt.

<pictures/agc_right_crop.png, id=85, 848.16875pt x 205.76875pt>
File: pictures/agc_right_crop.png Graphic file (type png)

<use pictures/agc_right_crop.png>
Package pdftex.def Info: pictures/agc_right_crop.png used on input line 321.
(pdftex.def)             Requested size: 339.26149pt x 82.30603pt.
Missing character: There is no â in font cmr10!
Missing character: There is no € in font cmr10!
Missing character: There is no ™ in font cmr10!

Overfull \hbox (17.24684pt too wide) in paragraph at lines 349--349
[]           \OT1/cmtt/m/n/10 DTW[i, j] := cost + minimum(DTW[i-1, j  ],    // 
insertion[] 
 []


Overfull \hbox (11.99689pt too wide) in paragraph at lines 349--349
[]                                       \OT1/cmtt/m/n/10 DTW[i  , j-1],    // 
deletion[] 
 []

[11 <./pictures/agc_left_crop.png> <./pictures/agc_right_crop.png>] [12]
Chapter 5.
Missing character: There is no â in font cmr10!
Missing character: There is no € in font cmr10!
Missing character: There is no ™ in font cmr10!
Missing character: There is no â in font cmr10!
Missing character: There is no € in font cmr10!
Missing character: There is no ™ in font cmr10!
[13

]
Underfull \hbox (badness 10000) in paragraph at lines 372--373
[]\OT1/cmr/m/n/10 http://machinelearningmastery.com/normalize-standardize-time-
series-
 []

Missing character: There is no Â in font cmr10!
Missing character: There is no   in font cmr10!
Missing character: There is no Â in font cmr10!
Missing character: There is no   in font cmr10!

Underfull \hbox (badness 10000) in paragraph at lines 374--375
[]\OT1/cmr/m/n/10 Muller, M., In-for-ma-tion Re-trieval for Mu-
 []


Underfull \hbox (badness 10000) in paragraph at lines 374--375
\OT1/cmr/m/n/10 sic and Mo-tion, Ch. 4 (avail-able on-line
 []


Overfull \hbox (82.04544pt too wide) in paragraph at lines 374--375
\OT1/cmr/m/n/10 athttp://www.springer.com/cda/content/document/cda[]downloaddoc
ument/9783540740476-
 []

[14

] (./project2.aux)

LaTeX Font Warning: Some font shapes were not available, defaults substituted.

 ) 
Here is how much of TeX's memory you used:
 2202 strings out of 494953
 30082 string characters out of 6180977
 87470 words of memory out of 5000000
 5462 multiletter control sequences out of 15000+600000
 12122 words of font info for 43 fonts, out of 8000000 for 9000
 14 hyphenation exceptions out of 8191
 38i,7n,23p,437b,252s stack positions out of 5000i,500n,10000p,200000b,80000s
</usr/share/texlive/texmf-dist/fonts/type1/public/amsfonts/cm/cmbx10.pfb></us
r/share/texlive/texmf-dist/fonts/type1/public/amsfonts/cm/cmbx12.pfb></usr/shar
e/texlive/texmf-dist/fonts/type1/public/amsfonts/cm/cmbxti10.pfb></usr/share/te
xlive/texmf-dist/fonts/type1/public/amsfonts/cm/cmcsc10.pfb></usr/share/texlive
/texmf-dist/fonts/type1/public/amsfonts/cm/cmex10.pfb></usr/share/texlive/texmf
-dist/fonts/type1/public/amsfonts/cm/cmmi10.pfb></usr/share/texlive/texmf-dist/
fonts/type1/public/amsfonts/cm/cmmi5.pfb></usr/share/texlive/texmf-dist/fonts/t
ype1/public/amsfonts/cm/cmmi7.pfb></usr/share/texlive/texmf-dist/fonts/type1/pu
blic/amsfonts/cm/cmr10.pfb></usr/share/texlive/texmf-dist/fonts/type1/public/am
sfonts/cm/cmr12.pfb></usr/share/texlive/texmf-dist/fonts/type1/public/amsfonts/
cm/cmr5.pfb></usr/share/texlive/texmf-dist/fonts/type1/public/amsfonts/cm/cmr7.
pfb></usr/share/texlive/texmf-dist/fonts/type1/public/amsfonts/cm/cmsy10.pfb></
usr/share/texlive/texmf-dist/fonts/type1/public/amsfonts/cm/cmti10.pfb></usr/sh
are/texlive/texmf-dist/fonts/type1/public/amsfonts/cm/cmti12.pfb></usr/share/te
xlive/texmf-dist/fonts/type1/public/amsfonts/cm/cmtt10.pfb>
Output written on project2.pdf (21 pages, 791339 bytes).
PDF statistics:
 150 PDF objects out of 1000 (max. 8388607)
 97 compressed objects within 1 object stream
 0 named destinations out of 1000 (max. 500000)
 46 words of extra memory for PDF output out of 10000 (max. 10000000)

